# JRE version: Java(TM) SE Runtime Environment (20.0.1+9) (build 20.0.1+9-29)
# Java VM: Java HotSpot(TM) 64-Bit Server VM (20.0.1+9-29, mixed mode, emulated-client, sharing, tiered, compressed oops, compressed class ptrs, g1 gc, windows-amd64)
GC Precious Log:
 CardTable entry size: 512
 Card Set container configuration: InlinePtr #cards 4 size 8 Array Of Cards #cards 16 size 48 Howl #buckets 8 coarsen threshold 3686 Howl Bitmap #cards 512 size 80 coarsen threshold 460 Card regions per heap region 1 cards per card region 4096
 CPUs: 16 total, 16 available
 Memory: 14197M
 Large Page Support: Disabled
 NUMA Support: Disabled
 Compressed Oops: Enabled (Zero based)
 Heap Region Size: 2M
 Heap Min Capacity: 8M
 Heap Initial Capacity: 222M
 Heap Max Capacity: 3550M
 Pre-touch: Disabled
 Parallel Workers: 13
 Concurrent Workers: 3
 Concurrent Refinement Workers: 13
 Periodic GC: Disabled
Heap:
 garbage-first heap   total 71680K, used 29779K [0x0000000722200000, 0x0000000800000000)
  region size 2048K, 3 young (6144K), 3 survivors (6144K)
 Metaspace       used 59672K, committed 60352K, reserved 1114112K
  class space    used 8537K, committed 8832K, reserved 1048576K
GC Heap History (19 events):
Event: 1.810 GC heap before
{Heap before GC invocations=0 (full 0):
 garbage-first heap   total 227328K, used 22528K [0x0000000722200000, 0x0000000800000000)
  region size 2048K, 11 young (22528K), 0 survivors (0K)
 Metaspace       used 3932K, committed 4160K, reserved 1114112K
  class space    used 513K, committed 640K, reserved 1048576K
}
Event: 1.815 GC heap after
{Heap after GC invocations=1 (full 0):
 garbage-first heap   total 227328K, used 7738K [0x0000000722200000, 0x0000000800000000)
  region size 2048K, 2 young (4096K), 2 survivors (4096K)
 Metaspace       used 3932K, committed 4160K, reserved 1114112K
  class space    used 513K, committed 640K, reserved 1048576K
}
Event: 2.522 GC heap before
{Heap before GC invocations=1 (full 0):
 garbage-first heap   total 227328K, used 34362K [0x0000000722200000, 0x0000000800000000)
  region size 2048K, 15 young (30720K), 2 survivors (4096K)
 Metaspace       used 9977K, committed 10240K, reserved 1114112K
  class space    used 1395K, committed 1536K, reserved 1048576K
}
Event: 2.528 GC heap after
{Heap after GC invocations=2 (full 0):
 garbage-first heap   total 227328K, used 9452K [0x0000000722200000, 0x0000000800000000)
  region size 2048K, 2 young (4096K), 2 survivors (4096K)
 Metaspace       used 9977K, committed 10240K, reserved 1114112K
  class space    used 1395K, committed 1536K, reserved 1048576K
}
Event: 4.335 GC heap before
{Heap before GC invocations=2 (full 0):
 garbage-first heap   total 227328K, used 62700K [0x0000000722200000, 0x0000000800000000)
  region size 2048K, 30 young (61440K), 2 survivors (4096K)
 Metaspace       used 19779K, committed 20160K, reserved 1114112K
  class space    used 2690K, committed 2880K, reserved 1048576K
}
Event: 4.341 GC heap after
{Heap after GC invocations=3 (full 0):
 garbage-first heap   total 227328K, used 14992K [0x0000000722200000, 0x0000000800000000)
  region size 2048K, 4 young (8192K), 4 survivors (8192K)
 Metaspace       used 19779K, committed 20160K, reserved 1114112K
  class space    used 2690K, committed 2880K, reserved 1048576K
}
Event: 5.442 GC heap before
{Heap before GC invocations=4 (full 0):
 garbage-first heap   total 61440K, used 60048K [0x0000000722200000, 0x0000000800000000)
  region size 2048K, 26 young (53248K), 4 survivors (8192K)
 Metaspace       used 24573K, committed 25024K, reserved 1114112K
  class space    used 3387K, committed 3584K, reserved 1048576K
}
Event: 5.449 GC heap after
{Heap after GC invocations=5 (full 0):
 garbage-first heap   total 71680K, used 17439K [0x0000000722200000, 0x0000000800000000)
  region size 2048K, 5 young (10240K), 5 survivors (10240K)
 Metaspace       used 24573K, committed 25024K, reserved 1114112K
  class space    used 3387K, committed 3584K, reserved 1048576K
}
Event: 6.385 GC heap before
{Heap before GC invocations=5 (full 0):
 garbage-first heap   total 71680K, used 50207K [0x0000000722200000, 0x0000000800000000)
  region size 2048K, 21 young (43008K), 5 survivors (10240K)
 Metaspace       used 29612K, committed 30144K, reserved 1114112K
  class space    used 4096K, committed 4352K, reserved 1048576K
}
Event: 6.395 GC heap after
{Heap after GC invocations=6 (full 0):
 garbage-first heap   total 71680K, used 20480K [0x0000000722200000, 0x0000000800000000)
  region size 2048K, 3 young (6144K), 3 survivors (6144K)
 Metaspace       used 29612K, committed 30144K, reserved 1114112K
  class space    used 4096K, committed 4352K, reserved 1048576K
}
Event: 6.876 GC heap before
{Heap before GC invocations=6 (full 0):
 garbage-first heap   total 71680K, used 38912K [0x0000000722200000, 0x0000000800000000)
  region size 2048K, 13 young (26624K), 3 survivors (6144K)
 Metaspace       used 33058K, committed 33600K, reserved 1114112K
  class space    used 4576K, committed 4864K, reserved 1048576K
}
Event: 6.882 GC heap after
{Heap after GC invocations=7 (full 0):
 garbage-first heap   total 71680K, used 21731K [0x0000000722200000, 0x0000000800000000)
  region size 2048K, 3 young (6144K), 3 survivors (6144K)
 Metaspace       used 33058K, committed 33600K, reserved 1114112K
  class space    used 4576K, committed 4864K, reserved 1048576K
}
Event: 7.940 GC heap before
{Heap before GC invocations=8 (full 0):
 garbage-first heap   total 71680K, used 52451K [0x0000000722200000, 0x0000000800000000)
  region size 2048K, 19 young (38912K), 3 survivors (6144K)
 Metaspace       used 42151K, committed 42688K, reserved 1114112K
  class space    used 5905K, committed 6144K, reserved 1048576K
}
Event: 7.946 GC heap after
{Heap after GC invocations=9 (full 0):
 garbage-first heap   total 71680K, used 24023K [0x0000000722200000, 0x0000000800000000)
  region size 2048K, 2 young (4096K), 2 survivors (4096K)
 Metaspace       used 42151K, committed 42688K, reserved 1114112K
  class space    used 5905K, committed 6144K, reserved 1048576K
}
Event: 8.912 GC heap before
{Heap before GC invocations=9 (full 0):
 garbage-first heap   total 71680K, used 58839K [0x0000000722200000, 0x0000000800000000)
  region size 2048K, 19 young (38912K), 2 survivors (4096K)
 Metaspace       used 51198K, committed 51776K, reserved 1114112K
  class space    used 7288K, committed 7552K, reserved 1048576K
}
Event: 8.917 GC heap after
{Heap after GC invocations=10 (full 0):
 garbage-first heap   total 71680K, used 25503K [0x0000000722200000, 0x0000000800000000)
  region size 2048K, 3 young (6144K), 3 survivors (6144K)
 Metaspace       used 51198K, committed 51776K, reserved 1114112K
  class space    used 7288K, committed 7552K, reserved 1048576K
}
Event: 9.475 GC heap before
{Heap before GC invocations=10 (full 0):
 garbage-first heap   total 71680K, used 43935K [0x0000000722200000, 0x0000000800000000)
  region size 2048K, 13 young (26624K), 3 survivors (6144K)
 Metaspace       used 55630K, committed 56256K, reserved 1114112K
  class space    used 7889K, committed 8192K, reserved 1048576K
}
Event: 9.480 GC heap after
{Heap after GC invocations=11 (full 0):
 garbage-first heap   total 71680K, used 26845K [0x0000000722200000, 0x0000000800000000)
  region size 2048K, 2 young (4096K), 2 survivors (4096K)
 Metaspace       used 55630K, committed 56256K, reserved 1114112K
  class space    used 7889K, committed 8192K, reserved 1048576K
}
Event: 10.253 GC heap before
{Heap before GC invocations=12 (full 0):
 garbage-first heap   total 71680K, used 59613K [0x0000000722200000, 0x0000000800000000)
  region size 2048K, 18 young (36864K), 2 survivors (4096K)
 Metaspace       used 59672K, committed 60352K, reserved 1114112K
  class space    used 8537K, committed 8832K, reserved 1048576K
}

