# JRE version: Java(TM) SE Runtime Environment (20.0.1+9) (build 20.0.1+9-29)
# Java VM: Java HotSpot(TM) 64-Bit Server VM (20.0.1+9-29, mixed mode, emulated-client, sharing, tiered, compressed oops, compressed class ptrs, g1 gc, windows-amd64)
GC Precious Log:
 CardTable entry size: 512
 Card Set container configuration: InlinePtr #cards 4 size 8 Array Of Cards #cards 16 size 48 Howl #buckets 8 coarsen threshold 3686 Howl Bitmap #cards 512 size 80 coarsen threshold 460 Card regions per heap region 1 cards per card region 4096
 CPUs: 16 total, 16 available
 Memory: 14197M
 Large Page Support: Disabled
 NUMA Support: Disabled
 Compressed Oops: Enabled (Zero based)
 Heap Region Size: 2M
 Heap Min Capacity: 8M
 Heap Initial Capacity: 222M
 Heap Max Capacity: 3550M
 Pre-touch: Disabled
 Parallel Workers: 13
 Concurrent Workers: 3
 Concurrent Refinement Workers: 13
 Periodic GC: Disabled
Heap:
 garbage-first heap   total 133120K, used 78153K [0x0000000722200000, 0x0000000800000000)
  region size 2048K, 3 young (6144K), 3 survivors (6144K)
 Metaspace       used 71375K, committed 72192K, reserved 1114112K
  class space    used 10160K, committed 10560K, reserved 1048576K
GC Heap History (20 events):
Event: 6.863 GC heap after
{Heap after GC invocations=22 (full 0):
 garbage-first heap   total 118784K, used 78122K [0x0000000722200000, 0x0000000800000000)
  region size 2048K, 2 young (4096K), 2 survivors (4096K)
 Metaspace       used 63133K, committed 63936K, reserved 1114112K
  class space    used 8953K, committed 9344K, reserved 1048576K
}
Event: 7.209 GC heap before
{Heap before GC invocations=23 (full 0):
 garbage-first heap   total 141312K, used 98602K [0x0000000722200000, 0x0000000800000000)
  region size 2048K, 12 young (24576K), 2 survivors (4096K)
 Metaspace       used 64702K, committed 65600K, reserved 1114112K
  class space    used 9247K, committed 9664K, reserved 1048576K
}
Event: 7.212 GC heap after
{Heap after GC invocations=24 (full 0):
 garbage-first heap   total 141312K, used 82696K [0x0000000722200000, 0x0000000800000000)
  region size 2048K, 2 young (4096K), 2 survivors (4096K)
 Metaspace       used 64702K, committed 65600K, reserved 1114112K
  class space    used 9247K, committed 9664K, reserved 1048576K
}
Event: 200.141 GC heap before
{Heap before GC invocations=24 (full 0):
 garbage-first heap   total 141312K, used 113416K [0x0000000722200000, 0x0000000800000000)
  region size 2048K, 18 young (36864K), 2 survivors (4096K)
 Metaspace       used 70986K, committed 71936K, reserved 1114112K
  class space    used 10136K, committed 10560K, reserved 1048576K
}
Event: 200.145 GC heap after
{Heap after GC invocations=25 (full 0):
 garbage-first heap   total 225280K, used 70750K [0x0000000722200000, 0x0000000800000000)
  region size 2048K, 3 young (6144K), 3 survivors (6144K)
 Metaspace       used 70986K, committed 71936K, reserved 1114112K
  class space    used 10136K, committed 10560K, reserved 1048576K
}
Event: 631.069 GC heap before
{Heap before GC invocations=25 (full 0):
 garbage-first heap   total 225280K, used 95326K [0x0000000722200000, 0x0000000800000000)
  region size 2048K, 16 young (32768K), 3 survivors (6144K)
 Metaspace       used 71072K, committed 72000K, reserved 1114112K
  class space    used 10154K, committed 10560K, reserved 1048576K
}
Event: 631.106 GC heap after
{Heap after GC invocations=26 (full 1):
 garbage-first heap   total 102400K, used 23655K [0x0000000722200000, 0x0000000800000000)
  region size 2048K, 0 young (0K), 0 survivors (0K)
 Metaspace       used 70678K, committed 72000K, reserved 1114112K
  class space    used 10048K, committed 10560K, reserved 1048576K
}
Event: 632.067 GC heap before
{Heap before GC invocations=26 (full 1):
 garbage-first heap   total 102400K, used 68711K [0x0000000722200000, 0x0000000800000000)
  region size 2048K, 22 young (45056K), 0 survivors (0K)
 Metaspace       used 70931K, committed 72000K, reserved 1114112K
  class space    used 10093K, committed 10560K, reserved 1048576K
}
Event: 632.070 GC heap after
{Heap after GC invocations=27 (full 1):
 garbage-first heap   total 102400K, used 28628K [0x0000000722200000, 0x0000000800000000)
  region size 2048K, 3 young (6144K), 3 survivors (6144K)
 Metaspace       used 70931K, committed 72000K, reserved 1114112K
  class space    used 10093K, committed 10560K, reserved 1048576K
}
Event: 632.766 GC heap before
{Heap before GC invocations=28 (full 1):
 garbage-first heap   total 102400K, used 71636K [0x0000000722200000, 0x0000000800000000)
  region size 2048K, 24 young (49152K), 3 survivors (6144K)
 Metaspace       used 71371K, committed 72192K, reserved 1114112K
  class space    used 10159K, committed 10560K, reserved 1048576K
}
Event: 632.771 GC heap after
{Heap after GC invocations=29 (full 1):
 garbage-first heap   total 102400K, used 32562K [0x0000000722200000, 0x0000000800000000)
  region size 2048K, 3 young (6144K), 3 survivors (6144K)
 Metaspace       used 71371K, committed 72192K, reserved 1114112K
  class space    used 10159K, committed 10560K, reserved 1048576K
}
Event: 632.902 GC heap before
{Heap before GC invocations=29 (full 1):
 garbage-first heap   total 102400K, used 69426K [0x0000000722200000, 0x0000000800000000)
  region size 2048K, 22 young (45056K), 3 survivors (6144K)
 Metaspace       used 71371K, committed 72192K, reserved 1114112K
  class space    used 10159K, committed 10560K, reserved 1048576K
}
Event: 632.908 GC heap after
{Heap after GC invocations=30 (full 1):
 garbage-first heap   total 102400K, used 40437K [0x0000000722200000, 0x0000000800000000)
  region size 2048K, 3 young (6144K), 3 survivors (6144K)
 Metaspace       used 71371K, committed 72192K, reserved 1114112K
  class space    used 10159K, committed 10560K, reserved 1048576K
}
Event: 632.983 GC heap before
{Heap before GC invocations=30 (full 1):
 garbage-first heap   total 102400K, used 75253K [0x0000000722200000, 0x0000000800000000)
  region size 2048K, 21 young (43008K), 3 survivors (6144K)
 Metaspace       used 71371K, committed 72192K, reserved 1114112K
  class space    used 10159K, committed 10560K, reserved 1048576K
}
Event: 632.990 GC heap after
{Heap after GC invocations=31 (full 1):
 garbage-first heap   total 102400K, used 51213K [0x0000000722200000, 0x0000000800000000)
  region size 2048K, 3 young (6144K), 3 survivors (6144K)
 Metaspace       used 71371K, committed 72192K, reserved 1114112K
  class space    used 10159K, committed 10560K, reserved 1048576K
}
Event: 633.056 GC heap before
{Heap before GC invocations=32 (full 1):
 garbage-first heap   total 133120K, used 75789K [0x0000000722200000, 0x0000000800000000)
  region size 2048K, 16 young (32768K), 3 survivors (6144K)
 Metaspace       used 71371K, committed 72192K, reserved 1114112K
  class space    used 10159K, committed 10560K, reserved 1048576K
}
Event: 633.063 GC heap after
{Heap after GC invocations=33 (full 1):
 garbage-first heap   total 133120K, used 58875K [0x0000000722200000, 0x0000000800000000)
  region size 2048K, 2 young (4096K), 2 survivors (4096K)
 Metaspace       used 71371K, committed 72192K, reserved 1114112K
  class space    used 10159K, committed 10560K, reserved 1048576K
}
Event: 633.123 GC heap before
{Heap before GC invocations=33 (full 1):
 garbage-first heap   total 133120K, used 99835K [0x0000000722200000, 0x0000000800000000)
  region size 2048K, 22 young (45056K), 2 survivors (4096K)
 Metaspace       used 71375K, committed 72192K, reserved 1114112K
  class space    used 10160K, committed 10560K, reserved 1048576K
}
Event: 633.131 GC heap after
{Heap after GC invocations=34 (full 1):
 garbage-first heap   total 133120K, used 69824K [0x0000000722200000, 0x0000000800000000)
  region size 2048K, 3 young (6144K), 3 survivors (6144K)
 Metaspace       used 71375K, committed 72192K, reserved 1114112K
  class space    used 10160K, committed 10560K, reserved 1048576K
}
Event: 633.179 GC heap before
{Heap before GC invocations=34 (full 1):
 garbage-first heap   total 133120K, used 102592K [0x0000000722200000, 0x0000000800000000)
  region size 2048K, 20 young (40960K), 3 survivors (6144K)
 Metaspace       used 71375K, committed 72192K, reserved 1114112K
  class space    used 10160K, committed 10560K, reserved 1048576K
}

