# JRE version: Java(TM) SE Runtime Environment (20.0.1+9) (build 20.0.1+9-29)
# Java VM: Java HotSpot(TM) 64-Bit Server VM (20.0.1+9-29, mixed mode, emulated-client, sharing, tiered, compressed oops, compressed class ptrs, g1 gc, windows-amd64)
GC Precious Log:
 CardTable entry size: 512
 Card Set container configuration: InlinePtr #cards 4 size 8 Array Of Cards #cards 16 size 48 Howl #buckets 8 coarsen threshold 3686 Howl Bitmap #cards 512 size 80 coarsen threshold 460 Card regions per heap region 1 cards per card region 4096
 CPUs: 16 total, 16 available
 Memory: 14197M
 Large Page Support: Disabled
 NUMA Support: Disabled
 Compressed Oops: Enabled (Zero based)
 Heap Region Size: 2M
 Heap Min Capacity: 8M
 Heap Initial Capacity: 222M
 Heap Max Capacity: 3550M
 Pre-touch: Disabled
 Parallel Workers: 13
 Concurrent Workers: 3
 Concurrent Refinement Workers: 13
 Periodic GC: Disabled
Heap:
 garbage-first heap   total 251904K, used 66486K [0x0000000722200000, 0x0000000800000000)
  region size 2048K, 2 young (4096K), 2 survivors (4096K)
 Metaspace       used 63184K, committed 63936K, reserved 1114112K
  class space    used 8964K, committed 9280K, reserved 1048576K
GC Heap History (20 events):
Event: 6.450 GC heap after
{Heap after GC invocations=11 (full 0):
 garbage-first heap   total 77824K, used 23318K [0x0000000722200000, 0x0000000800000000)
  region size 2048K, 2 young (4096K), 2 survivors (4096K)
 Metaspace       used 40620K, committed 41216K, reserved 1114112K
  class space    used 5694K, committed 6016K, reserved 1048576K
}
Event: 7.341 GC heap before
{Heap before GC invocations=12 (full 0):
 garbage-first heap   total 77824K, used 64278K [0x0000000722200000, 0x0000000800000000)
  region size 2048K, 22 young (45056K), 2 survivors (4096K)
 Metaspace       used 51148K, committed 51776K, reserved 1114112K
  class space    used 7290K, committed 7552K, reserved 1048576K
}
Event: 7.346 GC heap after
{Heap after GC invocations=13 (full 0):
 garbage-first heap   total 77824K, used 25332K [0x0000000722200000, 0x0000000800000000)
  region size 2048K, 2 young (4096K), 2 survivors (4096K)
 Metaspace       used 51148K, committed 51776K, reserved 1114112K
  class space    used 7290K, committed 7552K, reserved 1048576K
}
Event: 8.196 GC heap before
{Heap before GC invocations=13 (full 0):
 garbage-first heap   total 77824K, used 66292K [0x0000000722200000, 0x0000000800000000)
  region size 2048K, 22 young (45056K), 2 survivors (4096K)
 Metaspace       used 59263K, committed 59968K, reserved 1114112K
  class space    used 8433K, committed 8704K, reserved 1048576K
}
Event: 8.201 GC heap after
{Heap after GC invocations=14 (full 0):
 garbage-first heap   total 77824K, used 28509K [0x0000000722200000, 0x0000000800000000)
  region size 2048K, 3 young (6144K), 3 survivors (6144K)
 Metaspace       used 59263K, committed 59968K, reserved 1114112K
  class space    used 8433K, committed 8704K, reserved 1048576K
}
Event: 8.677 GC heap before
{Heap before GC invocations=14 (full 0):
 garbage-first heap   total 77824K, used 63325K [0x0000000722200000, 0x0000000800000000)
  region size 2048K, 21 young (43008K), 3 survivors (6144K)
 Metaspace       used 63064K, committed 63808K, reserved 1114112K
  class space    used 8944K, committed 9280K, reserved 1048576K
}
Event: 8.683 GC heap after
{Heap after GC invocations=15 (full 0):
 garbage-first heap   total 79872K, used 35668K [0x0000000722200000, 0x0000000800000000)
  region size 2048K, 3 young (6144K), 3 survivors (6144K)
 Metaspace       used 63064K, committed 63808K, reserved 1114112K
  class space    used 8944K, committed 9280K, reserved 1048576K
}
Event: 8.721 GC heap before
{Heap before GC invocations=15 (full 0):
 garbage-first heap   total 79872K, used 64340K [0x0000000722200000, 0x0000000800000000)
  region size 2048K, 18 young (36864K), 3 survivors (6144K)
 Metaspace       used 63069K, committed 63872K, reserved 1114112K
  class space    used 8945K, committed 9280K, reserved 1048576K
}
Event: 8.726 GC heap after
{Heap after GC invocations=16 (full 0):
 garbage-first heap   total 79872K, used 40343K [0x0000000722200000, 0x0000000800000000)
  region size 2048K, 3 young (6144K), 3 survivors (6144K)
 Metaspace       used 63069K, committed 63872K, reserved 1114112K
  class space    used 8945K, committed 9280K, reserved 1048576K
}
Event: 8.805 GC heap before
{Heap before GC invocations=16 (full 0):
 garbage-first heap   total 79872K, used 64919K [0x0000000722200000, 0x0000000800000000)
  region size 2048K, 16 young (32768K), 3 survivors (6144K)
 Metaspace       used 63171K, committed 63936K, reserved 1114112K
  class space    used 8960K, committed 9280K, reserved 1048576K
}
Event: 10.811 GC heap after
{Heap after GC invocations=17 (full 0):
 garbage-first heap   total 83968K, used 50801K [0x0000000722200000, 0x0000000800000000)
  region size 2048K, 2 young (4096K), 2 survivors (4096K)
 Metaspace       used 63171K, committed 63936K, reserved 1114112K
  class space    used 8960K, committed 9280K, reserved 1048576K
}
Event: 10.814 GC heap before
{Heap before GC invocations=17 (full 0):
 garbage-first heap   total 83968K, used 52849K [0x0000000722200000, 0x0000000800000000)
  region size 2048K, 3 young (6144K), 2 survivors (4096K)
 Metaspace       used 63171K, committed 63936K, reserved 1114112K
  class space    used 8960K, committed 9280K, reserved 1048576K
}
Event: 10.818 GC heap after
{Heap after GC invocations=18 (full 0):
 garbage-first heap   total 251904K, used 52035K [0x0000000722200000, 0x0000000800000000)
  region size 2048K, 1 young (2048K), 1 survivors (2048K)
 Metaspace       used 63171K, committed 63936K, reserved 1114112K
  class space    used 8960K, committed 9280K, reserved 1048576K
}
Event: 10.843 GC heap before
{Heap before GC invocations=18 (full 0):
 garbage-first heap   total 251904K, used 64323K [0x0000000722200000, 0x0000000800000000)
  region size 2048K, 8 young (16384K), 1 survivors (2048K)
 Metaspace       used 63171K, committed 63936K, reserved 1114112K
  class space    used 8960K, committed 9280K, reserved 1048576K
}
Event: 10.846 GC heap after
{Heap after GC invocations=19 (full 0):
 garbage-first heap   total 251904K, used 55018K [0x0000000722200000, 0x0000000800000000)
  region size 2048K, 1 young (2048K), 1 survivors (2048K)
 Metaspace       used 63171K, committed 63936K, reserved 1114112K
  class space    used 8960K, committed 9280K, reserved 1048576K
}
Event: 10.909 GC heap before
{Heap before GC invocations=20 (full 0):
 garbage-first heap   total 204800K, used 71402K [0x0000000722200000, 0x0000000800000000)
  region size 2048K, 10 young (20480K), 1 survivors (2048K)
 Metaspace       used 63184K, committed 63936K, reserved 1114112K
  class space    used 8964K, committed 9280K, reserved 1048576K
}
Event: 10.914 GC heap after
{Heap after GC invocations=21 (full 0):
 garbage-first heap   total 204800K, used 61380K [0x0000000722200000, 0x0000000800000000)
  region size 2048K, 2 young (4096K), 2 survivors (4096K)
 Metaspace       used 63184K, committed 63936K, reserved 1114112K
  class space    used 8964K, committed 9280K, reserved 1048576K
}
Event: 10.925 GC heap before
{Heap before GC invocations=21 (full 0):
 garbage-first heap   total 204800K, used 73668K [0x0000000722200000, 0x0000000800000000)
  region size 2048K, 8 young (16384K), 2 survivors (4096K)
 Metaspace       used 63184K, committed 63936K, reserved 1114112K
  class space    used 8964K, committed 9280K, reserved 1048576K
}
Event: 10.929 GC heap after
{Heap after GC invocations=22 (full 0):
 garbage-first heap   total 204800K, used 61596K [0x0000000722200000, 0x0000000800000000)
  region size 2048K, 1 young (2048K), 1 survivors (2048K)
 Metaspace       used 63184K, committed 63936K, reserved 1114112K
  class space    used 8964K, committed 9280K, reserved 1048576K
}
Event: 10.953 GC heap before
{Heap before GC invocations=22 (full 0):
 garbage-first heap   total 204800K, used 80028K [0x0000000722200000, 0x0000000800000000)
  region size 2048K, 11 young (22528K), 1 survivors (2048K)
 Metaspace       used 63184K, committed 63936K, reserved 1114112K
  class space    used 8964K, committed 9280K, reserved 1048576K
}

