# JRE version: Java(TM) SE Runtime Environment (20.0.1+9) (build 20.0.1+9-29)
# Java VM: Java HotSpot(TM) 64-Bit Server VM (20.0.1+9-29, mixed mode, emulated-client, sharing, tiered, compressed oops, compressed class ptrs, g1 gc, windows-amd64)
GC Precious Log:
 CardTable entry size: 512
 Card Set container configuration: InlinePtr #cards 4 size 8 Array Of Cards #cards 16 size 48 Howl #buckets 8 coarsen threshold 3686 Howl Bitmap #cards 512 size 80 coarsen threshold 460 Card regions per heap region 1 cards per card region 4096
 CPUs: 16 total, 16 available
 Memory: 14197M
 Large Page Support: Disabled
 NUMA Support: Disabled
 Compressed Oops: Enabled (Zero based)
 Heap Region Size: 2M
 Heap Min Capacity: 8M
 Heap Initial Capacity: 222M
 Heap Max Capacity: 3550M
 Pre-touch: Disabled
 Parallel Workers: 13
 Concurrent Workers: 3
 Concurrent Refinement Workers: 13
 Periodic GC: Disabled
Heap:
 garbage-first heap   total 165888K, used 125858K [0x0000000722200000, 0x0000000800000000)
  region size 2048K, 19 young (38912K), 3 survivors (6144K)
 Metaspace       used 70614K, committed 71424K, reserved 1114112K
  class space    used 9797K, committed 10176K, reserved 1048576K
GC Heap History (20 events):
Event: 8.771 GC heap before
{Heap before GC invocations=13 (full 0):
 garbage-first heap   total 83968K, used 69110K [0x0000000722200000, 0x0000000800000000)
  region size 2048K, 22 young (45056K), 3 survivors (6144K)
 Metaspace       used 63048K, committed 63744K, reserved 1114112K
  class space    used 8706K, committed 9024K, reserved 1048576K
}
Event: 8.777 GC heap after
{Heap after GC invocations=14 (full 0):
 garbage-first heap   total 83968K, used 32347K [0x0000000722200000, 0x0000000800000000)
  region size 2048K, 3 young (6144K), 3 survivors (6144K)
 Metaspace       used 63048K, committed 63744K, reserved 1114112K
  class space    used 8706K, committed 9024K, reserved 1048576K
}
Event: 9.532 GC heap before
{Heap before GC invocations=14 (full 0):
 garbage-first heap   total 83968K, used 69211K [0x0000000722200000, 0x0000000800000000)
  region size 2048K, 21 young (43008K), 3 survivors (6144K)
 Metaspace       used 67865K, committed 68672K, reserved 1114112K
  class space    used 9423K, committed 9792K, reserved 1048576K
}
Event: 9.538 GC heap after
{Heap after GC invocations=15 (full 0):
 garbage-first heap   total 83968K, used 35417K [0x0000000722200000, 0x0000000800000000)
  region size 2048K, 3 young (6144K), 3 survivors (6144K)
 Metaspace       used 67865K, committed 68672K, reserved 1114112K
  class space    used 9423K, committed 9792K, reserved 1048576K
}
Event: 10.102 GC heap before
{Heap before GC invocations=15 (full 0):
 garbage-first heap   total 83968K, used 68185K [0x0000000722200000, 0x0000000800000000)
  region size 2048K, 20 young (40960K), 3 survivors (6144K)
 Metaspace       used 70525K, committed 71296K, reserved 1114112K
  class space    used 9778K, committed 10112K, reserved 1048576K
}
Event: 10.109 GC heap after
{Heap after GC invocations=16 (full 0):
 garbage-first heap   total 83968K, used 42033K [0x0000000722200000, 0x0000000800000000)
  region size 2048K, 3 young (6144K), 3 survivors (6144K)
 Metaspace       used 70525K, committed 71296K, reserved 1114112K
  class space    used 9778K, committed 10112K, reserved 1048576K
}
Event: 10.184 GC heap before
{Heap before GC invocations=16 (full 0):
 garbage-first heap   total 83968K, used 68657K [0x0000000722200000, 0x0000000800000000)
  region size 2048K, 17 young (34816K), 3 survivors (6144K)
 Metaspace       used 70526K, committed 71296K, reserved 1114112K
  class space    used 9778K, committed 10112K, reserved 1048576K
}
Event: 10.191 GC heap after
{Heap after GC invocations=17 (full 0):
 garbage-first heap   total 83968K, used 48377K [0x0000000722200000, 0x0000000800000000)
  region size 2048K, 3 young (6144K), 3 survivors (6144K)
 Metaspace       used 70526K, committed 71296K, reserved 1114112K
  class space    used 9778K, committed 10112K, reserved 1048576K
}
Event: 10.239 GC heap before
{Heap before GC invocations=17 (full 0):
 garbage-first heap   total 83968K, used 68857K [0x0000000722200000, 0x0000000800000000)
  region size 2048K, 14 young (28672K), 3 survivors (6144K)
 Metaspace       used 70539K, committed 71296K, reserved 1114112K
  class space    used 9780K, committed 10112K, reserved 1048576K
}
Event: 10.246 GC heap after
{Heap after GC invocations=18 (full 0):
 garbage-first heap   total 86016K, used 56142K [0x0000000722200000, 0x0000000800000000)
  region size 2048K, 2 young (4096K), 2 survivors (4096K)
 Metaspace       used 70539K, committed 71296K, reserved 1114112K
  class space    used 9780K, committed 10112K, reserved 1048576K
}
Event: 10.358 GC heap before
{Heap before GC invocations=19 (full 0):
 garbage-first heap   total 106496K, used 70478K [0x0000000722200000, 0x0000000800000000)
  region size 2048K, 10 young (20480K), 2 survivors (4096K)
 Metaspace       used 70599K, committed 71424K, reserved 1114112K
  class space    used 9793K, committed 10176K, reserved 1048576K
}
Event: 10.364 GC heap after
{Heap after GC invocations=20 (full 0):
 garbage-first heap   total 106496K, used 62225K [0x0000000722200000, 0x0000000800000000)
  region size 2048K, 2 young (4096K), 2 survivors (4096K)
 Metaspace       used 70599K, committed 71424K, reserved 1114112K
  class space    used 9793K, committed 10176K, reserved 1048576K
}
Event: 10.397 GC heap before
{Heap before GC invocations=20 (full 0):
 garbage-first heap   total 106496K, used 82705K [0x0000000722200000, 0x0000000800000000)
  region size 2048K, 13 young (26624K), 2 survivors (4096K)
 Metaspace       used 70599K, committed 71424K, reserved 1114112K
  class space    used 9793K, committed 10176K, reserved 1048576K
}
Event: 10.403 GC heap after
{Heap after GC invocations=21 (full 0):
 garbage-first heap   total 165888K, used 65067K [0x0000000722200000, 0x0000000800000000)
  region size 2048K, 2 young (4096K), 2 survivors (4096K)
 Metaspace       used 70599K, committed 71424K, reserved 1114112K
  class space    used 9793K, committed 10176K, reserved 1048576K
}
Event: 10.568 GC heap before
{Heap before GC invocations=21 (full 0):
 garbage-first heap   total 165888K, used 120363K [0x0000000722200000, 0x0000000800000000)
  region size 2048K, 30 young (61440K), 2 survivors (4096K)
 Metaspace       used 70613K, committed 71424K, reserved 1114112K
  class space    used 9797K, committed 10176K, reserved 1048576K
}
Event: 10.578 GC heap after
{Heap after GC invocations=22 (full 0):
 garbage-first heap   total 165888K, used 81920K [0x0000000722200000, 0x0000000800000000)
  region size 2048K, 4 young (8192K), 4 survivors (8192K)
 Metaspace       used 70613K, committed 71424K, reserved 1114112K
  class space    used 9797K, committed 10176K, reserved 1048576K
}
Event: 11.608 GC heap before
{Heap before GC invocations=22 (full 0):
 garbage-first heap   total 165888K, used 126976K [0x0000000722200000, 0x0000000800000000)
  region size 2048K, 27 young (55296K), 4 survivors (8192K)
 Metaspace       used 70613K, committed 71424K, reserved 1114112K
  class space    used 9797K, committed 10176K, reserved 1048576K
}
Event: 11.616 GC heap after
{Heap after GC invocations=23 (full 0):
 garbage-first heap   total 165888K, used 94373K [0x0000000722200000, 0x0000000800000000)
  region size 2048K, 4 young (8192K), 4 survivors (8192K)
 Metaspace       used 70613K, committed 71424K, reserved 1114112K
  class space    used 9797K, committed 10176K, reserved 1048576K
}
Event: 11.707 GC heap before
{Heap before GC invocations=23 (full 0):
 garbage-first heap   total 165888K, used 131237K [0x0000000722200000, 0x0000000800000000)
  region size 2048K, 23 young (47104K), 4 survivors (8192K)
 Metaspace       used 70614K, committed 71424K, reserved 1114112K
  class space    used 9797K, committed 10176K, reserved 1048576K
}
Event: 11.714 GC heap after
{Heap after GC invocations=24 (full 0):
 garbage-first heap   total 165888K, used 105378K [0x0000000722200000, 0x0000000800000000)
  region size 2048K, 3 young (6144K), 3 survivors (6144K)
 Metaspace       used 70614K, committed 71424K, reserved 1114112K
  class space    used 9797K, committed 10176K, reserved 1048576K
}

